Started by user admin
Obtained Jenkinsfile from git https://github.com/mesaglio/ing-soft-2021
[Pipeline] Start of Pipeline
[Pipeline] node
Running on Jenkins in /var/jenkins_home/workspace/pet
[Pipeline] {
[Pipeline] stage
[Pipeline] { (Build)
[Pipeline] git
Selected Git installation does not exist. Using Default
The recommended git tool is: NONE
No credentials specified
 > git rev-parse --resolve-git-dir /var/jenkins_home/workspace/pet/.git # timeout=10
Fetching changes from the remote Git repository
 > git config remote.origin.url https://github.com/mesaglio/ing-soft-2021 # timeout=10
Fetching upstream changes from https://github.com/mesaglio/ing-soft-2021
 > git --version # timeout=10
 > git --version # 'git version 2.30.2'
 > git fetch --tags --force --progress -- https://github.com/mesaglio/ing-soft-2021 +refs/heads/*:refs/remotes/origin/* # timeout=10
 > git rev-parse refs/remotes/origin/master^{commit} # timeout=10
Checking out Revision 1e309361eeac46cf5cdceb3a1bf98be082b0042f (refs/remotes/origin/master)
 > git config core.sparsecheckout # timeout=10
 > git checkout -f 1e309361eeac46cf5cdceb3a1bf98be082b0042f # timeout=10
 > git branch -a -v --no-abbrev # timeout=10
 > git branch -D master # timeout=10
 > git checkout -b master 1e309361eeac46cf5cdceb3a1bf98be082b0042f # timeout=10
Commit message: "Update plugin com.diffplug.spotless to v5.17.0"
First time build. Skipping changelog.
[Pipeline] sh
+ ./gradlew init
Starting a Gradle Daemon (subsequent builds will be faster)

> Task :init SKIPPED
The build file 'build.gradle.kts' already exists. Skipping build initialization.

BUILD SUCCESSFUL in 12s
[Pipeline] sh
+ ./gradlew build
> Task :domaCopyResourcesJava NO-SOURCE
> Task :compileJava UP-TO-DATE
> Task :processResources UP-TO-DATE
> Task :classes UP-TO-DATE
> Task :bootJarMainClassName UP-TO-DATE
> Task :bootJar UP-TO-DATE
> Task :jar UP-TO-DATE
> Task :assemble UP-TO-DATE
> Task :spotlessJava UP-TO-DATE
> Task :spotlessJavaCheck UP-TO-DATE
> Task :spotlessCheck UP-TO-DATE
> Task :compileTestJava UP-TO-DATE
> Task :processTestResources NO-SOURCE
> Task :testClasses UP-TO-DATE
> Task :test UP-TO-DATE
> Task :check UP-TO-DATE
> Task :build UP-TO-DATE

BUILD SUCCESSFUL in 4s
9 actionable tasks: 9 up-to-date
[Pipeline] }
[Pipeline] // stage
[Pipeline] stage
[Pipeline] { (Test)
[Pipeline] sh
+ ./gradlew test
> Task :domaCopyResourcesJava NO-SOURCE
> Task :compileJava UP-TO-DATE
> Task :processResources UP-TO-DATE
> Task :classes UP-TO-DATE
> Task :compileTestJava UP-TO-DATE
> Task :processTestResources NO-SOURCE
> Task :testClasses UP-TO-DATE
> Task :test UP-TO-DATE

BUILD SUCCESSFUL in 2s
4 actionable tasks: 4 up-to-date
[Pipeline] }
[Pipeline] // stage
[Pipeline] stage
[Pipeline] { (Validate)
[Pipeline] sh
+ ./gradlew check
> Task :spotlessJava UP-TO-DATE
> Task :spotlessJavaCheck UP-TO-DATE
> Task :spotlessCheck UP-TO-DATE
> Task :domaCopyResourcesJava NO-SOURCE
> Task :compileJava UP-TO-DATE
> Task :processResources UP-TO-DATE
> Task :classes UP-TO-DATE
> Task :compileTestJava UP-TO-DATE
> Task :processTestResources NO-SOURCE
> Task :testClasses UP-TO-DATE
> Task :test UP-TO-DATE
> Task :check UP-TO-DATE

BUILD SUCCESSFUL in 2s
6 actionable tasks: 6 up-to-date
[Pipeline] }
[Pipeline] // stage
[Pipeline] stage
[Pipeline] { (Deploy)
[Pipeline] sh
+ echo Deployando...
Deployando...
[Pipeline] sh
+ echo Deploy Exitoso!
Deploy Exitoso!
[Pipeline] }
[Pipeline] // stage
[Pipeline] }
[Pipeline] // node
[Pipeline] End of Pipeline
Finished: SUCCESS